
  .   ____          _            __ _ _
 /\\ / ___'_ __ _ _(_)_ __  __ _ \ \ \ \
( ( )\___ | '_ | '_| | '_ \/ _` | \ \ \ \
 \\/  ___)| |_)| | | | | || (_| |  ) ) ) )
  '  |____| .__|_| |_|_| |_\__, | / / / /
 =========|_|==============|___/=/_/_/_/
 :: Spring Boot ::                (v3.2.0)

2025-11-21T23:28:33.535+03:00  INFO 763889 --- [smartmenu-backend] [           main] com.smartmenu.SmartMenuApplication       : Starting SmartMenuApplication v1.0.0 using Java 21.0.8 with PID 763889 (/var/www/html/smart-menu-saas/backend/target/smartmenu-backend-1.0.0.jar started by lwena in /var/www/html/smart-menu-saas/backend)
2025-11-21T23:28:33.540+03:00 DEBUG 763889 --- [smartmenu-backend] [           main] com.smartmenu.SmartMenuApplication       : Running with Spring Boot v3.2.0, Spring v6.1.1
2025-11-21T23:28:33.541+03:00  INFO 763889 --- [smartmenu-backend] [           main] com.smartmenu.SmartMenuApplication       : No active profile set, falling back to 1 default profile: "default"
2025-11-21T23:28:36.669+03:00  INFO 763889 --- [smartmenu-backend] [           main] .s.d.r.c.RepositoryConfigurationDelegate : Bootstrapping Spring Data MongoDB repositories in DEFAULT mode.
2025-11-21T23:28:36.880+03:00  INFO 763889 --- [smartmenu-backend] [           main] .s.d.r.c.RepositoryConfigurationDelegate : Finished Spring Data repository scanning in 201 ms. Found 6 MongoDB repository interfaces.
2025-11-21T23:28:38.108+03:00  INFO 763889 --- [smartmenu-backend] [           main] o.s.b.w.embedded.tomcat.TomcatWebServer  : Tomcat initialized with port 8080 (http)
2025-11-21T23:28:38.141+03:00  INFO 763889 --- [smartmenu-backend] [           main] o.apache.catalina.core.StandardService   : Starting service [Tomcat]
2025-11-21T23:28:38.142+03:00  INFO 763889 --- [smartmenu-backend] [           main] o.apache.catalina.core.StandardEngine    : Starting Servlet engine: [Apache Tomcat/10.1.16]
2025-11-21T23:28:38.299+03:00  INFO 763889 --- [smartmenu-backend] [           main] o.a.c.c.C.[Tomcat].[localhost].[/]       : Initializing Spring embedded WebApplicationContext
2025-11-21T23:28:38.301+03:00  INFO 763889 --- [smartmenu-backend] [           main] w.s.c.ServletWebServerApplicationContext : Root WebApplicationContext: initialization completed in 4441 ms
2025-11-21T23:28:38.848+03:00  INFO 763889 --- [smartmenu-backend] [           main] org.mongodb.driver.client                : MongoClient with metadata {"driver": {"name": "mongo-java-driver|sync|spring-boot", "version": "4.11.1"}, "os": {"type": "Linux", "name": "Linux", "architecture": "amd64", "version": "6.14.0-35-generic"}, "platform": "Java/Ubuntu/21.0.8+9-Ubuntu-0ubuntu124.04.1"} created with settings MongoClientSettings{readPreference=primary, writeConcern=WriteConcern{w=null, wTimeout=null ms, journal=null}, retryWrites=true, retryReads=true, readConcern=ReadConcern{level=null}, credential=null, transportSettings=null, streamFactoryFactory=null, commandListeners=[], codecRegistry=ProvidersCodecRegistry{codecProviders=[ValueCodecProvider{}, BsonValueCodecProvider{}, DBRefCodecProvider{}, DBObjectCodecProvider{}, DocumentCodecProvider{}, CollectionCodecProvider{}, IterableCodecProvider{}, MapCodecProvider{}, GeoJsonCodecProvider{}, GridFSFileCodecProvider{}, Jsr310CodecProvider{}, JsonObjectCodecProvider{}, BsonCodecProvider{}, EnumCodecProvider{}, com.mongodb.client.model.mql.ExpressionCodecProvider@6eb089e6, com.mongodb.Jep395RecordCodecProvider@715a70e9, com.mongodb.KotlinCodecProvider@3bc69ce9]}, loggerSettings=LoggerSettings{maxDocumentLength=1000}, clusterSettings={hosts=[localhost:27017], srvServiceName=mongodb, mode=SINGLE, requiredClusterType=UNKNOWN, requiredReplicaSetName='null', serverSelector='null', clusterListeners='[]', serverSelectionTimeout='30000 ms', localThreshold='15 ms'}, socketSettings=SocketSettings{connectTimeoutMS=10000, readTimeoutMS=0, receiveBufferSize=0, proxySettings=ProxySettings{host=null, port=null, username=null, password=null}}, heartbeatSocketSettings=SocketSettings{connectTimeoutMS=10000, readTimeoutMS=10000, receiveBufferSize=0, proxySettings=ProxySettings{host=null, port=null, username=null, password=null}}, connectionPoolSettings=ConnectionPoolSettings{maxSize=100, minSize=0, maxWaitTimeMS=120000, maxConnectionLifeTimeMS=0, maxConnectionIdleTimeMS=0, maintenanceInitialDelayMS=0, maintenanceFrequencyMS=60000, connectionPoolListeners=[], maxConnecting=2}, serverSettings=ServerSettings{heartbeatFrequencyMS=10000, minHeartbeatFrequencyMS=500, serverListeners='[]', serverMonitorListeners='[]'}, sslSettings=SslSettings{enabled=false, invalidHostNameAllowed=false, context=null}, applicationName='null', compressorList=[], uuidRepresentation=JAVA_LEGACY, serverApi=null, autoEncryptionSettings=null, dnsClient=null, inetAddressResolver=null, contextProvider=null}
2025-11-21T23:28:38.990+03:00  INFO 763889 --- [smartmenu-backend] [localhost:27017] org.mongodb.driver.cluster               : Monitor thread successfully connected to server with description ServerDescription{address=localhost:27017, type=STANDALONE, state=CONNECTED, ok=true, minWireVersion=0, maxWireVersion=17, maxDocumentSize=16777216, logicalSessionTimeoutMinutes=30, roundTripTimeNanos=87279398}
2025-11-21T23:28:40.533+03:00 DEBUG 763889 --- [smartmenu-backend] [           main] c.s.security.JwtAuthenticationFilter     : Filter 'jwtAuthenticationFilter' configured for use
2025-11-21T23:28:44.840+03:00  INFO 763889 --- [smartmenu-backend] [           main] o.s.s.web.DefaultSecurityFilterChain     : Will secure any request with [org.springframework.security.web.session.DisableEncodeUrlFilter@64ec1459, org.springframework.security.web.context.request.async.WebAsyncManagerIntegrationFilter@1aac0a47, org.springframework.security.web.context.SecurityContextHolderFilter@559fd5ec, org.springframework.security.web.header.HeaderWriterFilter@563172d3, org.springframework.web.filter.CorsFilter@4b3ad7ca, org.springframework.security.web.authentication.logout.LogoutFilter@2dc21583, com.smartmenu.security.JwtAuthenticationFilter@5e3db14, org.springframework.security.web.savedrequest.RequestCacheAwareFilter@708dfe10, org.springframework.security.web.servletapi.SecurityContextHolderAwareRequestFilter@18989e0, org.springframework.security.web.authentication.AnonymousAuthenticationFilter@6785c9fa, org.springframework.security.web.session.SessionManagementFilter@7df4709e, org.springframework.security.web.access.ExceptionTranslationFilter@71b0289b, org.springframework.security.web.access.intercept.AuthorizationFilter@249b54af]
2025-11-21T23:28:45.636+03:00  WARN 763889 --- [smartmenu-backend] [           main] ConfigServletWebServerApplicationContext : Exception encountered during context initialization - cancelling refresh attempt: org.springframework.context.ApplicationContextException: Failed to start bean 'webServerStartStop'
2025-11-21T23:28:45.758+03:00  INFO 763889 --- [smartmenu-backend] [           main] .s.b.a.l.ConditionEvaluationReportLogger : 

Error starting ApplicationContext. To display the condition evaluation report re-run your application with 'debug' enabled.
2025-11-21T23:28:45.890+03:00 ERROR 763889 --- [smartmenu-backend] [           main] o.s.b.d.LoggingFailureAnalysisReporter   : 

***************************
APPLICATION FAILED TO START
***************************

Description:

Web server failed to start. Port 8080 was already in use.

Action:

Identify and stop the process that's listening on port 8080 or configure this application to listen on another port.

